#
# A fatal error has been detected by the Java Runtime Environment:
#
#  SIGBUS (0xa) at pc=0x00000001052d2971, pid=33926, tid=11011
#
# JRE version: Java(TM) SE Runtime Environment (8.0_25-b17) (build 1.8.0_25-b17)
# Java VM: Java HotSpot(TM) 64-Bit Server VM (25.25-b02 mixed mode bsd-amd64 compressed oops)
# Problematic frame:
# V  [libjvm.dylib+0xd2971]
#
# Failed to write core dump. Core dumps have been disabled. To enable core dumping, try "ulimit -c unlimited" before starting Java again
#
# If you would like to submit a bug report, please visit:
#   http://bugreport.sun.com/bugreport/crash.jsp
#

---------------  T H R E A D  ---------------

Current thread (0x00007fa547007800):  GCTaskThread [stack: 0x000070000cdfb000,0x000070000cefb000] [id=11011]

siginfo: si_signo: 10 (SIGBUS), si_code: 2 (BUS_ADRERR), si_addr: 0x000000076777a618

Registers:
RAX=0x00000007baa683c8, RBX=0x0000000000000079, RCX=0x0000000000000000, RDX=0x00000001052d296d
RSP=0x000070000cefabd0, RBP=0x000070000cefabd0, RSI=0x000000076777a600, RDI=0x00000007baa683c8
R8 =0x0000000105a94566, R9 =0x000000076777a600, R10=0x000000076777c600, R11=0xffffffffacd0a201
R12=0x000000076777a600, R13=0x00007fa546800b01, R14=0x00007fa546800b40, R15=0x0000000000000004
RIP=0x00000001052d2971, EFLAGS=0x0000000000010203, ERR=0x0000000000000006
  TRAPNO=0x000000000000000e

Top of Stack: (sp=0x000070000cefabd0)
0x000070000cefabd0:   000070000cefac40 000000010569841c
0x000070000cefabe0:   000070000cefac70 00000007baa683c8
0x000070000cefabf0:   00000007bd4b8020 0000000000001000
0x000070000cefac00:   000000076777a600 0000000000000400
0x000070000cefac10:   0000000767574409 00000007677725e5
0x000070000cefac20:   0000000105a94566 00000007677725e5
0x000070000cefac30:   00000007677725e4 00007fa546800bd8
0x000070000cefac40:   000070000cefac60 0000000105698737
0x000070000cefac50:   00007fa546800b40 00007fa546800ba0
0x000070000cefac60:   000070000cefacc0 00000001056978f1
0x000070000cefac70:   0000000765a649e4 00000007c001bfa8
0x000070000cefac80:   00000007677725e5 00000007c001bfa8
0x000070000cefac90:   00007fa546800b40 0000000765a64a08
0x000070000cefaca0:   000000010653d325 0000000765a64a00
0x000070000cefacb0:   000000010653d381 0000000000000240
0x000070000cefacc0:   000070000cefad80 000000010535162e
0x000070000cefacd0:   0000000000000000 0000000000000200
0x000070000ceface0:   fffffffef9ab67dd 0000000000000100
0x000070000cefacf0:   0000000106549821 0000000102a10100
0x000070000cefad00:   0000000106549822 0000000003b2d200
0x000070000cefad10:   fffffffef9ac2c7f 0000000003b39822
0x000070000cefad20:   000000010653d380 000000010653d309
0x000070000cefad30:   0000000767304270 0000000765a70020
0x000070000cefad40:   00007fa545f0c1a0 00007fa546800b40
0x000070000cefad50:   00007fa545f0bf30 00007fa545c087e0
0x000070000cefad60:   0000000000000000 00000001057d4b0b
0x000070000cefad70:   00007fa546800b40 0000000000000001
0x000070000cefad80:   000070000cefadb0 000000010569b133
0x000070000cefad90:   0000000000000004 00007fa545f0f0d0
0x000070000cefada0:   00007fa547007800 00007fa545c087e0
0x000070000cefadb0:   000070000cefae90 0000000105461f3d
0x000070000cefadc0:   000070000cefadf0 00007fa545c06a80 

Instructions: (pc=0x00000001052d2971)
0x00000001052d2951:   48 89 4e 38 48 8b 48 30 48 89 4e 30 48 8b 48 28
0x00000001052d2961:   48 89 4e 28 48 8b 48 20 48 89 4e 20 48 8b 48 18
0x00000001052d2971:   48 89 4e 18 48 8b 48 10 48 89 4e 10 48 8b 48 08
0x00000001052d2981:   48 89 4e 08 48 8b 00 48 89 06 eb 0f 48 c1 e2 03 

Register to memory mapping:

RAX=0x00000007baa683c8 is an oop
[Ljava.lang.Object; 
 - klass: 'java/lang/Object'[]
 - length: 3
RBX=0x0000000000000079 is an unknown value
RCX=0x0000000000000000 is an unknown value
RDX=0x00000001052d296d: _ZN4Copy17pd_disjoint_wordsEP8HeapWordS1_m+0x3d in /Library/Java/JavaVirtualMachines/jdk1.8.0_25.jdk/Contents/Home/jre/lib/server/libjvm.dylib at 0x0000000105200000
RSP=0x000070000cefabd0 is an unknown value
RBP=0x000070000cefabd0 is an unknown value
RSI=